Determining if the include file pthread.h exists passed with the following output:
Change Dir: /home/igor/Test/test/Build/CMakeFiles/CMakeTmp

Run Build Command(s):/usr/bin/ninja cmTC_5777e && [1/2] Building C object CMakeFiles/cmTC_5777e.dir/CheckIncludeFile.c.o
[2/2] Linking C executable cmTC_5777e



Performing C SOURCE FILE Test CMAKE_HAVE_LIBC_PTHREAD succeeded with the following output:
Change Dir: /home/igor/Test/test/Build/CMakeFiles/CMakeTmp

Run Build Command(s):/usr/bin/ninja cmTC_63494 && [1/2] Building C object CMakeFiles/cmTC_63494.dir/src.c.o
[2/2] Linking C executable cmTC_63494


Source file was:
#include <pthread.h>

static void* test_func(void* data)
{
  return data;
}

int main(void)
{
  pthread_t thread;
  pthread_create(&thread, NULL, test_func, NULL);
  pthread_detach(thread);
  pthread_cancel(thread);
  pthread_join(thread, NULL);
  pthread_atfork(NULL, NULL, NULL);
  pthread_exit(NULL);

  return 0;
}

